<?xml version="1.0" encoding="UTF-8"?>
<testsuite name="AppTest" tests="5" skipped="0" failures="0" errors="0" timestamp="2016-02-15T19:33:11" hostname="epicodus-60.local" time="0.436">
  <properties/>
  <testcase name="triangleTestisIsosceles" classname="AppTest" time="0.339"/>
  <testcase name="rootTest" classname="AppTest" time="0.012"/>
  <testcase name="triangleTestisImpossible" classname="AppTest" time="0.024"/>
  <testcase name="triangleTestisScalene" classname="AppTest" time="0.023"/>
  <testcase name="triangleTestIsEquilateral" classname="AppTest" time="0.02"/>
  <system-out><![CDATA[]]></system-out>
  <system-err><![CDATA[[Thread-4] INFO spark.webserver.SparkServer - == Spark has ignited ...
[Thread-4] INFO spark.webserver.SparkServer - >> Listening on 0.0.0.0:4567
[Thread-4] INFO org.eclipse.jetty.server.Server - jetty-9.0.2.v20130417
[Thread-4] INFO org.eclipse.jetty.server.ServerConnector - Started ServerConnector@12bd0903{HTTP/1.1}{0.0.0.0:4567}
[Test worker] INFO spark.webserver.SparkServer - >>> Spark shutting down ...
[Test worker] INFO org.eclipse.jetty.server.Server - Graceful shutdown org.eclipse.jetty.server.Server@311be5 by 
[Test worker] INFO org.eclipse.jetty.server.ServerConnector - Stopped ServerConnector@12bd0903{HTTP/1.1}{0.0.0.0:4567}
[Test worker] INFO spark.webserver.SparkServer - done
]]></system-err>
</testsuite>
